# JRE version: OpenJDK Runtime Environment (11.0.11+9) (build 11.0.11+9-Ubuntu-0ubuntu2.18.04)
# Java VM: OpenJDK 64-Bit Server VM (11.0.11+9-Ubuntu-0ubuntu2.18.04, mixed mode, tiered, compressed oops, g1 gc, linux-amd64)
Heap:
 garbage-first heap   total 211968K, used 181949K [0x00000000a4a00000, 0x0000000100000000)
  region size 1024K, 94 young (96256K), 2 survivors (2048K)
 Metaspace       used 55946K, capacity 56815K, committed 57724K, reserved 1099776K
  class space    used 6222K, capacity 6563K, committed 6780K, reserved 1048576K
GC Heap History (20 events):
Event: 19570.882 GC heap before
{Heap before GC invocations=39 (full 0):
 garbage-first heap   total 211968K, used 181474K [0x00000000a4a00000, 0x0000000100000000)
  region size 1024K, 92 young (94208K), 4 survivors (4096K)
 Metaspace       used 55731K, capacity 56554K, committed 57468K, reserved 1099776K
  class space    used 6221K, capacity 6562K, committed 6780K, reserved 1048576K
}
Event: 19570.904 GC heap after
{Heap after GC invocations=40 (full 0):
 garbage-first heap   total 211968K, used 91082K [0x00000000a4a00000, 0x0000000100000000)
  region size 1024K, 4 young (4096K), 4 survivors (4096K)
 Metaspace       used 55731K, capacity 56554K, committed 57468K, reserved 1099776K
  class space    used 6221K, capacity 6562K, committed 6780K, reserved 1048576K
}
Event: 20848.761 GC heap before
{Heap before GC invocations=40 (full 0):
 garbage-first heap   total 211968K, used 181194K [0x00000000a4a00000, 0x0000000100000000)
  region size 1024K, 92 young (94208K), 4 survivors (4096K)
 Metaspace       used 55732K, capacity 56554K, committed 57468K, reserved 1099776K
  class space    used 6221K, capacity 6562K, committed 6780K, reserved 1048576K
}
Event: 20848.764 GC heap after
{Heap after GC invocations=41 (full 0):
 garbage-first heap   total 211968K, used 91050K [0x00000000a4a00000, 0x0000000100000000)
  region size 1024K, 4 young (4096K), 4 survivors (4096K)
 Metaspace       used 55732K, capacity 56554K, committed 57468K, reserved 1099776K
  class space    used 6221K, capacity 6562K, committed 6780K, reserved 1048576K
}
Event: 22074.518 GC heap before
{Heap before GC invocations=41 (full 0):
 garbage-first heap   total 211968K, used 181162K [0x00000000a4a00000, 0x0000000100000000)
  region size 1024K, 92 young (94208K), 4 survivors (4096K)
 Metaspace       used 55792K, capacity 56619K, committed 57468K, reserved 1099776K
  class space    used 6222K, capacity 6562K, committed 6780K, reserved 1048576K
}
Event: 22074.530 GC heap after
{Heap after GC invocations=42 (full 0):
 garbage-first heap   total 211968K, used 91274K [0x00000000a4a00000, 0x0000000100000000)
  region size 1024K, 4 young (4096K), 4 survivors (4096K)
 Metaspace       used 55792K, capacity 56619K, committed 57468K, reserved 1099776K
  class space    used 6222K, capacity 6562K, committed 6780K, reserved 1048576K
}
Event: 22721.153 GC heap before
{Heap before GC invocations=42 (full 0):
 garbage-first heap   total 211968K, used 182410K [0x00000000a4a00000, 0x0000000100000000)
  region size 1024K, 93 young (95232K), 4 survivors (4096K)
 Metaspace       used 55833K, capacity 56619K, committed 57468K, reserved 1099776K
  class space    used 6222K, capacity 6562K, committed 6780K, reserved 1048576K
}
Event: 22721.161 GC heap after
{Heap after GC invocations=43 (full 0):
 garbage-first heap   total 211968K, used 91443K [0x00000000a4a00000, 0x0000000100000000)
  region size 1024K, 5 young (5120K), 5 survivors (5120K)
 Metaspace       used 55833K, capacity 56619K, committed 57468K, reserved 1099776K
  class space    used 6222K, capacity 6562K, committed 6780K, reserved 1048576K
}
Event: 23328.601 GC heap before
{Heap before GC invocations=43 (full 0):
 garbage-first heap   total 211968K, used 181555K [0x00000000a4a00000, 0x0000000100000000)
  region size 1024K, 94 young (96256K), 5 survivors (5120K)
 Metaspace       used 55889K, capacity 56751K, committed 57724K, reserved 1099776K
  class space    used 6222K, capacity 6563K, committed 6780K, reserved 1048576K
}
Event: 23328.610 GC heap after
{Heap after GC invocations=44 (full 0):
 garbage-first heap   total 211968K, used 91261K [0x00000000a4a00000, 0x0000000100000000)
  region size 1024K, 4 young (4096K), 4 survivors (4096K)
 Metaspace       used 55889K, capacity 56751K, committed 57724K, reserved 1099776K
  class space    used 6222K, capacity 6563K, committed 6780K, reserved 1048576K
}
Event: 24139.445 GC heap before
{Heap before GC invocations=44 (full 0):
 garbage-first heap   total 211968K, used 182397K [0x00000000a4a00000, 0x0000000100000000)
  region size 1024K, 93 young (95232K), 4 survivors (4096K)
 Metaspace       used 55942K, capacity 56815K, committed 57724K, reserved 1099776K
  class space    used 6222K, capacity 6563K, committed 6780K, reserved 1048576K
}
Event: 24139.464 GC heap after
{Heap after GC invocations=45 (full 0):
 garbage-first heap   total 211968K, used 89254K [0x00000000a4a00000, 0x0000000100000000)
  region size 1024K, 4 young (4096K), 4 survivors (4096K)
 Metaspace       used 55942K, capacity 56815K, committed 57724K, reserved 1099776K
  class space    used 6222K, capacity 6563K, committed 6780K, reserved 1048576K
}
Event: 25510.621 GC heap before
{Heap before GC invocations=45 (full 0):
 garbage-first heap   total 211968K, used 181414K [0x00000000a4a00000, 0x0000000100000000)
  region size 1024K, 94 young (96256K), 4 survivors (4096K)
 Metaspace       used 55943K, capacity 56815K, committed 57724K, reserved 1099776K
  class space    used 6222K, capacity 6563K, committed 6780K, reserved 1048576K
}
Event: 25510.627 GC heap after
{Heap after GC invocations=46 (full 0):
 garbage-first heap   total 211968K, used 89125K [0x00000000a4a00000, 0x0000000100000000)
  region size 1024K, 3 young (3072K), 3 survivors (3072K)
 Metaspace       used 55943K, capacity 56815K, committed 57724K, reserved 1099776K
  class space    used 6222K, capacity 6563K, committed 6780K, reserved 1048576K
}
Event: 26924.660 GC heap before
{Heap before GC invocations=46 (full 0):
 garbage-first heap   total 211968K, used 182309K [0x00000000a4a00000, 0x0000000100000000)
  region size 1024K, 94 young (96256K), 3 survivors (3072K)
 Metaspace       used 55944K, capacity 56815K, committed 57724K, reserved 1099776K
  class space    used 6222K, capacity 6563K, committed 6780K, reserved 1048576K
}
Event: 26924.664 GC heap after
{Heap after GC invocations=47 (full 0):
 garbage-first heap   total 211968K, used 88822K [0x00000000a4a00000, 0x0000000100000000)
  region size 1024K, 2 young (2048K), 2 survivors (2048K)
 Metaspace       used 55944K, capacity 56815K, committed 57724K, reserved 1099776K
  class space    used 6222K, capacity 6563K, committed 6780K, reserved 1048576K
}
Event: 28346.651 GC heap before
{Heap before GC invocations=47 (full 0):
 garbage-first heap   total 211968K, used 183030K [0x00000000a4a00000, 0x0000000100000000)
  region size 1024K, 94 young (96256K), 2 survivors (2048K)
 Metaspace       used 55944K, capacity 56815K, committed 57724K, reserved 1099776K
  class space    used 6222K, capacity 6563K, committed 6780K, reserved 1048576K
}
Event: 28346.656 GC heap after
{Heap after GC invocations=48 (full 0):
 garbage-first heap   total 211968K, used 86766K [0x00000000a4a00000, 0x0000000100000000)
  region size 1024K, 2 young (2048K), 2 survivors (2048K)
 Metaspace       used 55944K, capacity 56815K, committed 57724K, reserved 1099776K
  class space    used 6222K, capacity 6563K, committed 6780K, reserved 1048576K
}
Event: 29699.256 GC heap before
{Heap before GC invocations=48 (full 0):
 garbage-first heap   total 211968K, used 180974K [0x00000000a4a00000, 0x0000000100000000)
  region size 1024K, 94 young (96256K), 2 survivors (2048K)
 Metaspace       used 55944K, capacity 56815K, committed 57724K, reserved 1099776K
  class space    used 6222K, capacity 6563K, committed 6780K, reserved 1048576K
}
Event: 29699.258 GC heap after
{Heap after GC invocations=49 (full 0):
 garbage-first heap   total 211968K, used 86717K [0x00000000a4a00000, 0x0000000100000000)
  region size 1024K, 2 young (2048K), 2 survivors (2048K)
 Metaspace       used 55944K, capacity 56815K, committed 57724K, reserved 1099776K
  class space    used 6222K, capacity 6563K, committed 6780K, reserved 1048576K
}

