# JRE version: OpenJDK Runtime Environment (11.0.11+9) (build 11.0.11+9-Ubuntu-0ubuntu2.18.04)
# Java VM: OpenJDK 64-Bit Server VM (11.0.11+9-Ubuntu-0ubuntu2.18.04, mixed mode, tiered, compressed oops, g1 gc, linux-amd64)
Heap:
 garbage-first heap   total 186368K, used 124080K [0x00000000a4a00000, 0x0000000100000000)
  region size 1024K, 44 young (45056K), 2 survivors (2048K)
 Metaspace       used 54566K, capacity 55308K, committed 56704K, reserved 1099776K
  class space    used 6056K, capacity 6358K, committed 6784K, reserved 1048576K
GC Heap History (20 events):
Event: 92.384 GC heap before
{Heap before GC invocations=29 (full 0):
 garbage-first heap   total 186368K, used 176189K [0x00000000a4a00000, 0x0000000100000000)
  region size 1024K, 14 young (14336K), 1 survivors (1024K)
 Metaspace       used 51921K, capacity 52991K, committed 53376K, reserved 1095680K
  class space    used 5984K, capacity 6406K, committed 6528K, reserved 1048576K
}
Event: 92.389 GC heap after
{Heap after GC invocations=30 (full 0):
 garbage-first heap   total 186368K, used 78477K [0x00000000a4a00000, 0x0000000100000000)
  region size 1024K, 2 young (2048K), 2 survivors (2048K)
 Metaspace       used 51921K, capacity 52991K, committed 53376K, reserved 1095680K
  class space    used 5984K, capacity 6406K, committed 6528K, reserved 1048576K
}
Event: 92.479 GC heap before
{Heap before GC invocations=30 (full 0):
 garbage-first heap   total 186368K, used 85645K [0x00000000a4a00000, 0x0000000100000000)
  region size 1024K, 9 young (9216K), 2 survivors (2048K)
 Metaspace       used 51921K, capacity 52991K, committed 53376K, reserved 1095680K
  class space    used 5984K, capacity 6406K, committed 6528K, reserved 1048576K
}
Event: 92.488 GC heap after
{Heap after GC invocations=31 (full 0):
 garbage-first heap   total 186368K, used 85317K [0x00000000a4a00000, 0x0000000100000000)
  region size 1024K, 2 young (2048K), 2 survivors (2048K)
 Metaspace       used 51921K, capacity 52991K, committed 53376K, reserved 1095680K
  class space    used 5984K, capacity 6406K, committed 6528K, reserved 1048576K
}
Event: 92.828 GC heap before
{Heap before GC invocations=31 (full 0):
 garbage-first heap   total 186368K, used 127301K [0x00000000a4a00000, 0x0000000100000000)
  region size 1024K, 43 young (44032K), 2 survivors (2048K)
 Metaspace       used 51977K, capacity 53002K, committed 53376K, reserved 1095680K
  class space    used 5992K, capacity 6409K, committed 6528K, reserved 1048576K
}
Event: 92.852 GC heap after
{Heap after GC invocations=32 (full 0):
 garbage-first heap   total 186368K, used 109568K [0x00000000a4a00000, 0x0000000100000000)
  region size 1024K, 6 young (6144K), 6 survivors (6144K)
 Metaspace       used 51977K, capacity 53002K, committed 53376K, reserved 1095680K
  class space    used 5992K, capacity 6409K, committed 6528K, reserved 1048576K
}
Event: 561.469 GC heap before
{Heap before GC invocations=33 (full 0):
 garbage-first heap   total 186368K, used 116735K [0x00000000a4a00000, 0x0000000100000000)
  region size 1024K, 33 young (33792K), 6 survivors (6144K)
 Metaspace       used 53603K, capacity 54686K, committed 55040K, reserved 1097728K
  class space    used 6145K, capacity 6607K, committed 6656K, reserved 1048576K
}
Event: 561.484 GC heap after
{Heap after GC invocations=34 (full 0):
 garbage-first heap   total 186368K, used 91897K [0x00000000a4a00000, 0x0000000100000000)
  region size 1024K, 2 young (2048K), 2 survivors (2048K)
 Metaspace       used 53603K, capacity 54686K, committed 55040K, reserved 1097728K
  class space    used 6145K, capacity 6607K, committed 6656K, reserved 1048576K
}
Event: 689.208 GC heap before
{Heap before GC invocations=34 (full 0):
 garbage-first heap   total 186368K, used 99065K [0x00000000a4a00000, 0x0000000100000000)
  region size 1024K, 9 young (9216K), 2 survivors (2048K)
 Metaspace       used 53642K, capacity 54750K, committed 55040K, reserved 1097728K
  class space    used 6145K, capacity 6607K, committed 6656K, reserved 1048576K
}
Event: 689.214 GC heap after
{Heap after GC invocations=35 (full 0):
 garbage-first heap   total 186368K, used 83635K [0x00000000a4a00000, 0x0000000100000000)
  region size 1024K, 1 young (1024K), 1 survivors (1024K)
 Metaspace       used 53642K, capacity 54750K, committed 55040K, reserved 1097728K
  class space    used 6145K, capacity 6607K, committed 6656K, reserved 1048576K
}
Event: 2577.773 GC heap before
{Heap before GC invocations=35 (full 0):
 garbage-first heap   total 186368K, used 121523K [0x00000000a4a00000, 0x0000000100000000)
  region size 1024K, 38 young (38912K), 1 survivors (1024K)
 Metaspace       used 53819K, capacity 54878K, committed 55296K, reserved 1097728K
  class space    used 6146K, capacity 6607K, committed 6656K, reserved 1048576K
}
Event: 2577.778 GC heap after
{Heap after GC invocations=36 (full 0):
 garbage-first heap   total 186368K, used 83455K [0x00000000a4a00000, 0x0000000100000000)
  region size 1024K, 1 young (1024K), 1 survivors (1024K)
 Metaspace       used 53819K, capacity 54878K, committed 55296K, reserved 1097728K
  class space    used 6146K, capacity 6607K, committed 6656K, reserved 1048576K
}
Event: 3619.618 GC heap before
{Heap before GC invocations=36 (full 0):
 garbage-first heap   total 186368K, used 124415K [0x00000000a4a00000, 0x0000000100000000)
  region size 1024K, 41 young (41984K), 1 survivors (1024K)
 Metaspace       used 54256K, capacity 55269K, committed 55552K, reserved 1097728K
  class space    used 6168K, capacity 6608K, committed 6656K, reserved 1048576K
}
Event: 3619.643 GC heap after
{Heap after GC invocations=37 (full 0):
 garbage-first heap   total 186368K, used 83751K [0x00000000a4a00000, 0x0000000100000000)
  region size 1024K, 1 young (1024K), 1 survivors (1024K)
 Metaspace       used 54256K, capacity 55269K, committed 55552K, reserved 1097728K
  class space    used 6168K, capacity 6608K, committed 6656K, reserved 1048576K
}
Event: 4406.626 GC heap before
{Heap before GC invocations=37 (full 0):
 garbage-first heap   total 186368K, used 127783K [0x00000000a4a00000, 0x0000000100000000)
  region size 1024K, 44 young (45056K), 1 survivors (1024K)
 Metaspace       used 54394K, capacity 55463K, committed 55808K, reserved 1097728K
  class space    used 6172K, capacity 6608K, committed 6656K, reserved 1048576K
}
Event: 4406.638 GC heap after
{Heap after GC invocations=38 (full 0):
 garbage-first heap   total 186368K, used 83787K [0x00000000a4a00000, 0x0000000100000000)
  region size 1024K, 1 young (1024K), 1 survivors (1024K)
 Metaspace       used 54394K, capacity 55463K, committed 55808K, reserved 1097728K
  class space    used 6172K, capacity 6608K, committed 6656K, reserved 1048576K
}
Event: 4699.817 GC heap before
{Heap before GC invocations=38 (full 0):
 garbage-first heap   total 186368K, used 130891K [0x00000000a4a00000, 0x0000000100000000)
  region size 1024K, 47 young (48128K), 1 survivors (1024K)
 Metaspace       used 55189K, capacity 56303K, committed 56704K, reserved 1099776K
  class space    used 6219K, capacity 6674K, committed 6784K, reserved 1048576K
}
Event: 4699.829 GC heap after
{Heap after GC invocations=39 (full 0):
 garbage-first heap   total 186368K, used 85119K [0x00000000a4a00000, 0x0000000100000000)
  region size 1024K, 2 young (2048K), 2 survivors (2048K)
 Metaspace       used 55189K, capacity 56303K, committed 56704K, reserved 1099776K
  class space    used 6219K, capacity 6674K, committed 6784K, reserved 1048576K
}
Event: 6885.674 GC heap before
{Heap before GC invocations=39 (full 0):
 garbage-first heap   total 186368K, used 134271K [0x00000000a4a00000, 0x0000000100000000)
  region size 1024K, 50 young (51200K), 2 survivors (2048K)
 Metaspace       used 55209K, capacity 56303K, committed 56704K, reserved 1099776K
  class space    used 6219K, capacity 6674K, committed 6784K, reserved 1048576K
}
Event: 6885.707 GC heap after
{Heap after GC invocations=40 (full 0):
 garbage-first heap   total 186368K, used 85168K [0x00000000a4a00000, 0x0000000100000000)
  region size 1024K, 2 young (2048K), 2 survivors (2048K)
 Metaspace       used 55209K, capacity 56303K, committed 56704K, reserved 1099776K
  class space    used 6219K, capacity 6674K, committed 6784K, reserved 1048576K
}

